2018-05-31 21:45:54,763:INFO:[44]:ÅySTARTÅzThe process has been started in __init__ method, CrawlingHatena class.
2018-05-31 21:45:55,453:INFO:[100]:ÅySTARTÅzThe crawling has been started in __crawl_hatena method, CrawlingHatena class.
2018-05-31 21:45:57,196:INFO:[183]:ÅySTARTÅzThe scraping has been started in __scrape_info_of_hatena method, CrawlingHatena class.
2018-05-31 21:46:10,812:INFO:[44]:ÅySTARTÅzThe process has been started in __init__ method, CrawlingHatena class.
2018-05-31 21:46:11,494:INFO:[100]:ÅySTARTÅzThe crawling has been started in __crawl_hatena method, CrawlingHatena class.
2018-05-31 21:46:14,025:INFO:[183]:ÅySTARTÅzThe scraping has been started in __scrape_info_of_hatena method, CrawlingHatena class.
2018-05-31 21:46:36,237:INFO:[209]:ÅyENDÅzThe scraping has been completed in __scrape_info_of_hatena method, CrawlingHatena class.
2018-05-31 21:46:39,209:INFO:[183]:ÅySTARTÅzThe scraping has been started in __scrape_info_of_hatena method, CrawlingHatena class.
2018-05-31 21:46:51,776:INFO:[209]:ÅyENDÅzThe scraping has been completed in __scrape_info_of_hatena method, CrawlingHatena class.
2018-05-31 21:46:54,458:INFO:[183]:ÅySTARTÅzThe scraping has been started in __scrape_info_of_hatena method, CrawlingHatena class.
2018-05-31 21:47:23,822:INFO:[209]:ÅyENDÅzThe scraping has been completed in __scrape_info_of_hatena method, CrawlingHatena class.
2018-05-31 21:47:28,622:INFO:[183]:ÅySTARTÅzThe scraping has been started in __scrape_info_of_hatena method, CrawlingHatena class.
2018-05-31 21:47:44,255:INFO:[209]:ÅyENDÅzThe scraping has been completed in __scrape_info_of_hatena method, CrawlingHatena class.
2018-05-31 21:47:46,379:INFO:[183]:ÅySTARTÅzThe scraping has been started in __scrape_info_of_hatena method, CrawlingHatena class.
2018-05-31 21:47:59,854:INFO:[209]:ÅyENDÅzThe scraping has been completed in __scrape_info_of_hatena method, CrawlingHatena class.
2018-05-31 21:48:01,516:INFO:[183]:ÅySTARTÅzThe scraping has been started in __scrape_info_of_hatena method, CrawlingHatena class.
2018-05-31 21:48:04,623:INFO:[86]:ÅyINFOÅzThe database has been closed in __execute method, CrawlingHatena class.
2018-05-31 22:28:27,222:INFO:[37]:ÅySTARTÅzThe process has been started in __init__ method, Application class.
2018-05-31 22:28:31,247:INFO:[37]:ÅySTARTÅzThe process has been started in __init__ method, CrawlingHatena class.
2018-05-31 22:28:31,975:INFO:[90]:ÅySTARTÅzThe crawling has been started in __crawl_hatena method, CrawlingHatena class.
2018-05-31 22:28:35,992:INFO:[170]:ÅySTARTÅzThe scraping has been started in __scrape_info_of_hatena method, CrawlingHatena class.
2018-05-31 22:28:52,493:INFO:[196]:ÅyENDÅzThe scraping has been completed in __scrape_info_of_hatena method, CrawlingHatena class.
2018-05-31 22:28:53,913:INFO:[170]:ÅySTARTÅzThe scraping has been started in __scrape_info_of_hatena method, CrawlingHatena class.
2018-05-31 22:28:56,989:INFO:[79]:ÅyINFOÅzThe database has been closed in __execute method, CrawlingHatena class.
2018-05-31 22:29:02,239:INFO:[376]:ÅyENDÅzThe process has been completed in __quit method, Application class.
2018-05-31 22:29:08,351:INFO:[37]:ÅySTARTÅzThe process has been started in __init__ method, Application class.
2018-05-31 22:29:10,877:INFO:[37]:ÅySTARTÅzThe process has been started in __init__ method, CrawlingHatena class.
2018-05-31 22:29:11,590:INFO:[90]:ÅySTARTÅzThe crawling has been started in __crawl_hatena method, CrawlingHatena class.
2018-05-31 22:29:12,493:INFO:[170]:ÅySTARTÅzThe scraping has been started in __scrape_info_of_hatena method, CrawlingHatena class.
2018-05-31 22:29:32,617:INFO:[376]:ÅyENDÅzThe process has been completed in __quit method, Application class.
2018-05-31 23:31:08,019:INFO:[38]:ÅySTARTÅzThe process has been started in __init__ method, Application class.
2018-05-31 23:31:12,181:INFO:[163]:ÅyINFOÅzThe database has been closed in refresh_tree_view method, Application class.
2018-05-31 23:34:33,594:INFO:[377]:ÅyENDÅzThe process has been completed in quit method, Application class.
2018-05-31 23:34:42,112:INFO:[38]:ÅySTARTÅzThe process has been started in __init__ method, Application class.
2018-05-31 23:34:45,346:INFO:[163]:ÅyINFOÅzThe database has been closed in refresh_tree_view method, Application class.
2018-05-31 23:35:20,580:INFO:[377]:ÅyENDÅzThe process has been completed in quit method, Application class.
2018-05-31 23:35:25,314:INFO:[38]:ÅySTARTÅzThe process has been started in __init__ method, Application class.
2018-05-31 23:35:28,767:INFO:[163]:ÅyINFOÅzThe database has been closed in refresh_tree_view method, Application class.
2018-05-31 23:35:37,925:INFO:[58]:ÅySTARTÅzThe process has been started in __init__ method, CrawlingHatena class.
2018-05-31 23:35:39,225:INFO:[111]:ÅySTARTÅzThe crawling has been started in crawl_hatena method, CrawlingHatena class.
2018-05-31 23:35:40,428:INFO:[186]:ÅySTARTÅzThe scraping has been started in scrape_info_of_hatena method, CrawlingHatena class.
2018-05-31 23:35:55,230:INFO:[212]:ÅyENDÅzThe scraping has been completed in scrape_info_of_hatena method, CrawlingHatena class.
2018-05-31 23:35:58,034:INFO:[186]:ÅySTARTÅzThe scraping has been started in scrape_info_of_hatena method, CrawlingHatena class.
2018-05-31 23:36:11,113:INFO:[212]:ÅyENDÅzThe scraping has been completed in scrape_info_of_hatena method, CrawlingHatena class.
2018-05-31 23:36:15,624:INFO:[186]:ÅySTARTÅzThe scraping has been started in scrape_info_of_hatena method, CrawlingHatena class.
2018-05-31 23:36:26,471:INFO:[212]:ÅyENDÅzThe scraping has been completed in scrape_info_of_hatena method, CrawlingHatena class.
2018-05-31 23:36:27,282:INFO:[186]:ÅySTARTÅzThe scraping has been started in scrape_info_of_hatena method, CrawlingHatena class.
2018-05-31 23:36:43,741:INFO:[212]:ÅyENDÅzThe scraping has been completed in scrape_info_of_hatena method, CrawlingHatena class.
2018-05-31 23:36:46,756:INFO:[186]:ÅySTARTÅzThe scraping has been started in scrape_info_of_hatena method, CrawlingHatena class.
2018-05-31 23:37:02,578:INFO:[212]:ÅyENDÅzThe scraping has been completed in scrape_info_of_hatena method, CrawlingHatena class.
2018-05-31 23:37:03,535:INFO:[186]:ÅySTARTÅzThe scraping has been started in scrape_info_of_hatena method, CrawlingHatena class.
2018-05-31 23:37:19,129:INFO:[212]:ÅyENDÅzThe scraping has been completed in scrape_info_of_hatena method, CrawlingHatena class.
2018-05-31 23:37:21,815:INFO:[186]:ÅySTARTÅzThe scraping has been started in scrape_info_of_hatena method, CrawlingHatena class.
2018-05-31 23:37:41,423:INFO:[212]:ÅyENDÅzThe scraping has been completed in scrape_info_of_hatena method, CrawlingHatena class.
2018-05-31 23:37:42,676:INFO:[186]:ÅySTARTÅzThe scraping has been started in scrape_info_of_hatena method, CrawlingHatena class.
2018-05-31 23:37:53,316:INFO:[212]:ÅyENDÅzThe scraping has been completed in scrape_info_of_hatena method, CrawlingHatena class.
2018-05-31 23:37:55,942:INFO:[186]:ÅySTARTÅzThe scraping has been started in scrape_info_of_hatena method, CrawlingHatena class.
2018-05-31 23:38:12,094:INFO:[212]:ÅyENDÅzThe scraping has been completed in scrape_info_of_hatena method, CrawlingHatena class.
2018-05-31 23:38:14,965:INFO:[186]:ÅySTARTÅzThe scraping has been started in scrape_info_of_hatena method, CrawlingHatena class.
2018-05-31 23:38:28,629:INFO:[212]:ÅyENDÅzThe scraping has been completed in scrape_info_of_hatena method, CrawlingHatena class.
2018-05-31 23:38:30,134:INFO:[186]:ÅySTARTÅzThe scraping has been started in scrape_info_of_hatena method, CrawlingHatena class.
2018-05-31 23:38:43,763:INFO:[212]:ÅyENDÅzThe scraping has been completed in scrape_info_of_hatena method, CrawlingHatena class.
2018-05-31 23:38:45,082:INFO:[186]:ÅySTARTÅzThe scraping has been started in scrape_info_of_hatena method, CrawlingHatena class.
2018-05-31 23:38:51,907:INFO:[212]:ÅyENDÅzThe scraping has been completed in scrape_info_of_hatena method, CrawlingHatena class.
2018-05-31 23:38:53,891:INFO:[186]:ÅySTARTÅzThe scraping has been started in scrape_info_of_hatena method, CrawlingHatena class.
2018-05-31 23:39:07,733:INFO:[212]:ÅyENDÅzThe scraping has been completed in scrape_info_of_hatena method, CrawlingHatena class.
2018-05-31 23:39:11,115:INFO:[186]:ÅySTARTÅzThe scraping has been started in scrape_info_of_hatena method, CrawlingHatena class.
2018-05-31 23:39:29,104:INFO:[212]:ÅyENDÅzThe scraping has been completed in scrape_info_of_hatena method, CrawlingHatena class.
2018-05-31 23:39:30,408:INFO:[186]:ÅySTARTÅzThe scraping has been started in scrape_info_of_hatena method, CrawlingHatena class.
2018-05-31 23:39:44,354:INFO:[212]:ÅyENDÅzThe scraping has been completed in scrape_info_of_hatena method, CrawlingHatena class.
2018-05-31 23:39:47,076:INFO:[186]:ÅySTARTÅzThe scraping has been started in scrape_info_of_hatena method, CrawlingHatena class.
2018-05-31 23:39:47,353:INFO:[212]:ÅyENDÅzThe scraping has been completed in scrape_info_of_hatena method, CrawlingHatena class.
2018-05-31 23:39:51,314:INFO:[186]:ÅySTARTÅzThe scraping has been started in scrape_info_of_hatena method, CrawlingHatena class.
2018-05-31 23:39:51,314:INFO:[212]:ÅyENDÅzThe scraping has been completed in scrape_info_of_hatena method, CrawlingHatena class.
2018-05-31 23:39:52,644:INFO:[186]:ÅySTARTÅzThe scraping has been started in scrape_info_of_hatena method, CrawlingHatena class.
2018-05-31 23:39:53,348:INFO:[212]:ÅyENDÅzThe scraping has been completed in scrape_info_of_hatena method, CrawlingHatena class.
2018-05-31 23:39:58,382:INFO:[186]:ÅySTARTÅzThe scraping has been started in scrape_info_of_hatena method, CrawlingHatena class.
2018-05-31 23:39:58,382:INFO:[212]:ÅyENDÅzThe scraping has been completed in scrape_info_of_hatena method, CrawlingHatena class.
2018-05-31 23:40:00,855:INFO:[186]:ÅySTARTÅzThe scraping has been started in scrape_info_of_hatena method, CrawlingHatena class.
2018-05-31 23:40:02,217:INFO:[212]:ÅyENDÅzThe scraping has been completed in scrape_info_of_hatena method, CrawlingHatena class.
2018-05-31 23:40:02,283:INFO:[172]:ÅyENDÅzThe crawling has been completed in crawl_hatena method, CrawlingHatena class.
2018-05-31 23:40:02,284:INFO:[89]:ÅyENDÅzThe process has been completed in execute method, CrawlingHatena class.
2018-05-31 23:40:02,284:INFO:[100]:ÅyINFOÅzThe database has been closed in execute method, CrawlingHatena class.
